0 info it worked if it ends with ok
1 verbose cli [ 'node', '/usr/local/bin/npm', 'install' ]
2 info using npm@1.4.28
3 info using node@v0.10.35
4 verbose readDependencies using package.json deps
5 verbose install where, deps [ '/Users/sjc/git/chanllege/challenge2',
5 verbose install   [ 'body-parser',
5 verbose install     'cookie-parser',
5 verbose install     'debug',
5 verbose install     'ejs',
5 verbose install     'express',
5 verbose install     'morgan',
5 verbose install     'serve-favicon',
5 verbose install     'everyauth',
5 verbose install     'socket.io',
5 verbose install     'mongodb',
5 verbose install     'nonf' ] ]
6 info preinstall challenge2@0.0.0
7 verbose readDependencies using package.json deps
8 verbose already installed skipping body-parser@~1.10.2 /Users/sjc/git/chanllege/challenge2
9 verbose already installed skipping cookie-parser@~1.3.3 /Users/sjc/git/chanllege/challenge2
10 verbose already installed skipping debug@~2.1.1 /Users/sjc/git/chanllege/challenge2
11 verbose already installed skipping ejs@~2.1.4 /Users/sjc/git/chanllege/challenge2
12 verbose already installed skipping express@~4.11.1 /Users/sjc/git/chanllege/challenge2
13 verbose already installed skipping morgan@~1.5.1 /Users/sjc/git/chanllege/challenge2
14 verbose already installed skipping serve-favicon@~2.2.0 /Users/sjc/git/chanllege/challenge2
15 verbose cache add [ 'everyauth@~0.4.9', null ]
16 verbose cache add name=undefined spec="everyauth@~0.4.9" args=["everyauth@~0.4.9",null]
17 verbose parsed url { protocol: null,
17 verbose parsed url   slashes: null,
17 verbose parsed url   auth: null,
17 verbose parsed url   host: null,
17 verbose parsed url   port: null,
17 verbose parsed url   hostname: null,
17 verbose parsed url   hash: null,
17 verbose parsed url   search: null,
17 verbose parsed url   query: null,
17 verbose parsed url   pathname: 'everyauth@~0.4.9',
17 verbose parsed url   path: 'everyauth@~0.4.9',
17 verbose parsed url   href: 'everyauth@~0.4.9' }
18 verbose cache add [ 'socket.io@~1.3.5', null ]
19 verbose cache add name=undefined spec="socket.io@~1.3.5" args=["socket.io@~1.3.5",null]
20 verbose parsed url { protocol: null,
20 verbose parsed url   slashes: null,
20 verbose parsed url   auth: null,
20 verbose parsed url   host: null,
20 verbose parsed url   port: null,
20 verbose parsed url   hostname: null,
20 verbose parsed url   hash: null,
20 verbose parsed url   search: null,
20 verbose parsed url   query: null,
20 verbose parsed url   pathname: 'socket.io@~1.3.5',
20 verbose parsed url   path: 'socket.io@~1.3.5',
20 verbose parsed url   href: 'socket.io@~1.3.5' }
21 verbose cache add [ 'mongodb@~1.4.33', null ]
22 verbose cache add name=undefined spec="mongodb@~1.4.33" args=["mongodb@~1.4.33",null]
23 verbose parsed url { protocol: null,
23 verbose parsed url   slashes: null,
23 verbose parsed url   auth: null,
23 verbose parsed url   host: null,
23 verbose parsed url   port: null,
23 verbose parsed url   hostname: null,
23 verbose parsed url   hash: null,
23 verbose parsed url   search: null,
23 verbose parsed url   query: null,
23 verbose parsed url   pathname: 'mongodb@~1.4.33',
23 verbose parsed url   path: 'mongodb@~1.4.33',
23 verbose parsed url   href: 'mongodb@~1.4.33' }
24 verbose cache add name="everyauth" spec="~0.4.9" args=["everyauth","~0.4.9"]
25 verbose parsed url { protocol: null,
25 verbose parsed url   slashes: null,
25 verbose parsed url   auth: null,
25 verbose parsed url   host: null,
25 verbose parsed url   port: null,
25 verbose parsed url   hostname: null,
25 verbose parsed url   hash: null,
25 verbose parsed url   search: null,
25 verbose parsed url   query: null,
25 verbose parsed url   pathname: '~0.4.9',
25 verbose parsed url   path: '~0.4.9',
25 verbose parsed url   href: '~0.4.9' }
26 verbose addNamed [ 'everyauth', '~0.4.9' ]
27 verbose addNamed [ null, '>=0.4.9-0 <0.5.0-0' ]
28 verbose cache add name="socket.io" spec="~1.3.5" args=["socket.io","~1.3.5"]
29 verbose parsed url { protocol: null,
29 verbose parsed url   slashes: null,
29 verbose parsed url   auth: null,
29 verbose parsed url   host: null,
29 verbose parsed url   port: null,
29 verbose parsed url   hostname: null,
29 verbose parsed url   hash: null,
29 verbose parsed url   search: null,
29 verbose parsed url   query: null,
29 verbose parsed url   pathname: '~1.3.5',
29 verbose parsed url   path: '~1.3.5',
29 verbose parsed url   href: '~1.3.5' }
30 verbose addNamed [ 'socket.io', '~1.3.5' ]
31 verbose addNamed [ null, '>=1.3.5-0 <1.4.0-0' ]
32 verbose cache add [ 'nonf@~0.7.1', null ]
33 verbose cache add name=undefined spec="nonf@~0.7.1" args=["nonf@~0.7.1",null]
34 verbose parsed url { protocol: null,
34 verbose parsed url   slashes: null,
34 verbose parsed url   auth: null,
34 verbose parsed url   host: null,
34 verbose parsed url   port: null,
34 verbose parsed url   hostname: null,
34 verbose parsed url   hash: null,
34 verbose parsed url   search: null,
34 verbose parsed url   query: null,
34 verbose parsed url   pathname: 'nonf@~0.7.1',
34 verbose parsed url   path: 'nonf@~0.7.1',
34 verbose parsed url   href: 'nonf@~0.7.1' }
35 verbose cache add name="mongodb" spec="~1.4.33" args=["mongodb","~1.4.33"]
36 verbose parsed url { protocol: null,
36 verbose parsed url   slashes: null,
36 verbose parsed url   auth: null,
36 verbose parsed url   host: null,
36 verbose parsed url   port: null,
36 verbose parsed url   hostname: null,
36 verbose parsed url   hash: null,
36 verbose parsed url   search: null,
36 verbose parsed url   query: null,
36 verbose parsed url   pathname: '~1.4.33',
36 verbose parsed url   path: '~1.4.33',
36 verbose parsed url   href: '~1.4.33' }
37 verbose addNamed [ 'mongodb', '~1.4.33' ]
38 verbose addNamed [ null, '>=1.4.33-0 <1.5.0-0' ]
39 silly lockFile 575dd26f-everyauth-0-4-9 everyauth@~0.4.9
40 verbose lock everyauth@~0.4.9 /Users/sjc/.npm/575dd26f-everyauth-0-4-9.lock
41 silly lockFile 539bff42-socket-io-1-3-5 socket.io@~1.3.5
42 verbose lock socket.io@~1.3.5 /Users/sjc/.npm/539bff42-socket-io-1-3-5.lock
43 silly lockFile d3297de9-mongodb-1-4-33 mongodb@~1.4.33
44 verbose lock mongodb@~1.4.33 /Users/sjc/.npm/d3297de9-mongodb-1-4-33.lock
45 verbose cache add name="nonf" spec="~0.7.1" args=["nonf","~0.7.1"]
46 verbose parsed url { protocol: null,
46 verbose parsed url   slashes: null,
46 verbose parsed url   auth: null,
46 verbose parsed url   host: null,
46 verbose parsed url   port: null,
46 verbose parsed url   hostname: null,
46 verbose parsed url   hash: null,
46 verbose parsed url   search: null,
46 verbose parsed url   query: null,
46 verbose parsed url   pathname: '~0.7.1',
46 verbose parsed url   path: '~0.7.1',
46 verbose parsed url   href: '~0.7.1' }
47 verbose addNamed [ 'nonf', '~0.7.1' ]
48 verbose addNamed [ null, '>=0.7.1-0 <0.8.0-0' ]
49 silly lockFile 3294f251-nonf-0-7-1 nonf@~0.7.1
50 verbose lock nonf@~0.7.1 /Users/sjc/.npm/3294f251-nonf-0-7-1.lock
51 silly addNameRange { name: 'everyauth',
51 silly addNameRange   range: '>=0.4.9-0 <0.5.0-0',
51 silly addNameRange   hasData: false }
52 silly addNameRange { name: 'socket.io',
52 silly addNameRange   range: '>=1.3.5-0 <1.4.0-0',
52 silly addNameRange   hasData: false }
53 silly addNameRange { name: 'mongodb', range: '>=1.4.33-0 <1.5.0-0', hasData: false }
54 silly addNameRange { name: 'nonf', range: '>=0.7.1-0 <0.8.0-0', hasData: false }
55 verbose request where is /nonf
56 verbose request registry https://registry.npmjs.org/
57 verbose request id ccbecbdc6cd1bea3
58 verbose url raw /nonf
59 verbose url resolving [ 'https://registry.npmjs.org/', './nonf' ]
60 verbose url resolved https://registry.npmjs.org/nonf
61 verbose request where is https://registry.npmjs.org/nonf
62 info trying registry request attempt 1 at 14:31:25
63 http GET https://registry.npmjs.org/nonf
64 verbose request where is /everyauth
65 verbose request registry https://registry.npmjs.org/
66 verbose url raw /everyauth
67 verbose url resolving [ 'https://registry.npmjs.org/', './everyauth' ]
68 verbose url resolved https://registry.npmjs.org/everyauth
69 verbose request where is https://registry.npmjs.org/everyauth
70 info trying registry request attempt 1 at 14:31:25
71 verbose etag "703GRO2OJ1912ERCVR4R9INN7"
72 http GET https://registry.npmjs.org/everyauth
73 verbose request where is /socket.io
74 verbose request registry https://registry.npmjs.org/
75 verbose url raw /socket.io
76 verbose url resolving [ 'https://registry.npmjs.org/', './socket.io' ]
77 verbose url resolved https://registry.npmjs.org/socket.io
78 verbose request where is https://registry.npmjs.org/socket.io
79 info trying registry request attempt 1 at 14:31:25
80 verbose etag "5YSHHA219N9U14BJMV8M43GL"
81 http GET https://registry.npmjs.org/socket.io
82 verbose registry.get https://registry.npmjs.org/mongodb not expired, no request
83 silly addNameRange number 2 { name: 'mongodb', range: '>=1.4.33-0 <1.5.0-0', hasData: true }
84 silly addNameRange versions [ 'mongodb',
84 silly addNameRange   [ '0.9.4',
84 silly addNameRange     '0.9.4-4',
84 silly addNameRange     '0.9.3',
84 silly addNameRange     '0.9.1',
84 silly addNameRange     '0.9.2',
84 silly addNameRange     '0.9.6-7',
84 silly addNameRange     '0.9.6-8',
84 silly addNameRange     '0.9.6-9',
84 silly addNameRange     '0.9.6-10',
84 silly addNameRange     '0.9.6-11',
84 silly addNameRange     '0.9.6-12',
84 silly addNameRange     '0.9.6-13',
84 silly addNameRange     '0.9.6-14',
84 silly addNameRange     '0.9.6-15',
84 silly addNameRange     '0.9.6-16',
84 silly addNameRange     '0.9.6-17',
84 silly addNameRange     '0.9.6-18',
84 silly addNameRange     '0.9.6-19',
84 silly addNameRange     '0.9.6-20',
84 silly addNameRange     '0.9.6-21',
84 silly addNameRange     '0.9.6-22',
84 silly addNameRange     '0.9.6-23',
84 silly addNameRange     '0.9.7',
84 silly addNameRange     '0.9.7-0',
84 silly addNameRange     '0.9.7-1',
84 silly addNameRange     '0.9.7-1.1',
84 silly addNameRange     '0.9.7-1.2',
84 silly addNameRange     '0.9.7-1.3',
84 silly addNameRange     '0.9.7-1.4',
84 silly addNameRange     '0.9.7-2',
84 silly addNameRange     '0.9.7-2-1',
84 silly addNameRange     '0.9.7-2-2',
84 silly addNameRange     '0.9.7-2-3',
84 silly addNameRange     '0.9.7-2-4',
84 silly addNameRange     '0.9.7-2-5',
84 silly addNameRange     '0.9.7-3',
84 silly addNameRange     '0.9.7-3-1',
84 silly addNameRange     '0.9.7-3-2',
84 silly addNameRange     '0.9.7-3-3',
84 silly addNameRange     '0.9.7-3-4',
84 silly addNameRange     '0.9.7-3-5',
84 silly addNameRange     '0.9.8',
84 silly addNameRange     '0.9.8-1',
84 silly addNameRange     '0.9.8-2',
84 silly addNameRange     '0.9.8-3',
84 silly addNameRange     '0.9.8-4',
84 silly addNameRange     '0.9.8-5',
84 silly addNameRange     '0.9.8-6',
84 silly addNameRange     '0.9.8-7',
84 silly addNameRange     '0.9.9',
84 silly addNameRange     '0.9.9-1',
84 silly addNameRange     '0.9.9-2',
84 silly addNameRange     '0.9.9-3',
84 silly addNameRange     '0.9.9-4',
84 silly addNameRange     '0.9.9-5',
84 silly addNameRange     '0.9.9-6',
84 silly addNameRange     '0.9.9-7',
84 silly addNameRange     '0.9.9-8',
84 silly addNameRange     '1.0.0',
84 silly addNameRange     '1.0.1',
84 silly addNameRange     '1.0.2',
84 silly addNameRange     '1.1.0-beta',
84 silly addNameRange     '1.1.0',
84 silly addNameRange     '1.1.1',
84 silly addNameRange     '1.1.2',
84 silly addNameRange     '1.1.3',
84 silly addNameRange     '1.1.4',
84 silly addNameRange     '1.1.5',
84 silly addNameRange     '1.1.6',
84 silly addNameRange     '1.1.7',
84 silly addNameRange     '1.1.8',
84 silly addNameRange     '1.1.9',
84 silly addNameRange     '1.1.10',
84 silly addNameRange     '1.1.11',
84 silly addNameRange     '1.2.0',
84 silly addNameRange     '1.2.1',
84 silly addNameRange     '1.2.2',
84 silly addNameRange     '1.2.3',
84 silly addNameRange     '1.2.4',
84 silly addNameRange     '1.2.5',
84 silly addNameRange     '1.2.6',
84 silly addNameRange     '1.2.7',
84 silly addNameRange     '1.2.8',
84 silly addNameRange     '1.2.9',
84 silly addNameRange     '1.2.10',
84 silly addNameRange     '1.2.11',
84 silly addNameRange     '1.2.12',
84 silly addNameRange     '1.2.13',
84 silly addNameRange     '1.2.14',
84 silly addNameRange     '1.3.0',
84 silly addNameRange     '1.3.1',
84 silly addNameRange     '1.3.2',
84 silly addNameRange     '1.3.3',
84 silly addNameRange     '1.3.4',
84 silly addNameRange     '1.3.5',
84 silly addNameRange     '1.3.6',
84 silly addNameRange     '1.3.7',
84 silly addNameRange     '1.3.8',
84 silly addNameRange     '1.3.9',
84 silly addNameRange     '1.3.10',
84 silly addNameRange     '1.3.11',
84 silly addNameRange     '1.3.12',
84 silly addNameRange     '1.3.14',
84 silly addNameRange     '1.3.15',
84 silly addNameRange     '1.3.17',
84 silly addNameRange     '1.3.18',
84 silly addNameRange     '1.3.19',
84 silly addNameRange     '1.4.0-rc2',
84 silly addNameRange     '1.3.20',
84 silly addNameRange     '1.4.0-rc3',
84 silly addNameRange     '1.3.21',
84 silly addNameRange     '1.3.22',
84 silly addNameRange     '1.3.23',
84 silly addNameRange     '1.4.0-rc4',
84 silly addNameRange     '1.4.0-rc5',
84 silly addNameRange     '1.4.0-rc6',
84 silly addNameRange     '1.4.0-rc7',
84 silly addNameRange     '1.4.0-rc8',
84 silly addNameRange     '1.4.0-rc9',
84 silly addNameRange     '1.4.0-rc10',
84 silly addNameRange     '1.4.0',
84 silly addNameRange     '1.4.1',
84 silly addNameRange     '1.4.2',
84 silly addNameRange     '1.4.3',
84 silly addNameRange     '1.4.4',
84 silly addNameRange     '1.4.5',
84 silly addNameRange     '1.4.6',
84 silly addNameRange     '1.4.7',
84 silly addNameRange     '1.4.8',
84 silly addNameRange     '1.4.9',
84 silly addNameRange     '1.4.10',
84 silly addNameRange     '2.0.0-alpha1',
84 silly addNameRange     '1.4.11',
84 silly addNameRange     '1.4.12',
84 silly addNameRange     '1.4.14',
84 silly addNameRange     '1.4.15',
84 silly addNameRange     '1.4.16',
84 silly addNameRange     '1.4.17',
84 silly addNameRange     '2.0.0-alpha2',
84 silly addNameRange     '1.4.18',
84 silly addNameRange     '2.0.0',
84 silly addNameRange     '2.0.1',
84 silly addNameRange     '2.0.2',
84 silly addNameRange     '1.4.19',
84 silly addNameRange     '2.0.3',
84 silly addNameRange     '2.0.4',
84 silly addNameRange     '2.0.5',
84 silly addNameRange     '2.0.6',
84 silly addNameRange     '1.4.20',
84 silly addNameRange     '1.4.22',
84 silly addNameRange     '2.0.7',
84 silly addNameRange     '2.0.8',
84 silly addNameRange     '2.0.9',
84 silly addNameRange     '1.4.23',
84 silly addNameRange     '2.0.10',
84 silly addNameRange     '1.4.24',
84 silly addNameRange     '2.0.11',
84 silly addNameRange     '1.4.25',
84 silly addNameRange     '2.0.12',
84 silly addNameRange     '1.4.26',
84 silly addNameRange     '1.4.27',
84 silly addNameRange     '1.4.28',
84 silly addNameRange     '2.0.13',
84 silly addNameRange     '2.0.14',
84 silly addNameRange     '1.4.29',
84 silly addNameRange     '2.0.15',
84 silly addNameRange     '1.4.30',
84 silly addNameRange     '2.0.16',
84 silly addNameRange     '1.4.31',
84 silly addNameRange     '2.0.17',
84 silly addNameRange     '1.4.32',
84 silly addNameRange     '2.0.18',
84 silly addNameRange     '2.0.19',
84 silly addNameRange     '1.4.33',
84 silly addNameRange     '2.0.20',
84 silly addNameRange     '2.0.21' ] ]
85 verbose addNamed [ 'mongodb', '1.4.33' ]
86 verbose addNamed [ '1.4.33', '1.4.33' ]
87 silly lockFile 2e0a33f5-mongodb-1-4-33 mongodb@1.4.33
88 verbose lock mongodb@1.4.33 /Users/sjc/.npm/2e0a33f5-mongodb-1-4-33.lock
89 silly lockFile 2e0a33f5-mongodb-1-4-33 mongodb@1.4.33
90 silly lockFile 2e0a33f5-mongodb-1-4-33 mongodb@1.4.33
91 silly lockFile d3297de9-mongodb-1-4-33 mongodb@~1.4.33
92 silly lockFile d3297de9-mongodb-1-4-33 mongodb@~1.4.33
93 http 304 https://registry.npmjs.org/socket.io
94 silly registry.get cb [ 304,
94 silly registry.get   { date: 'Mon, 09 Mar 2015 05:31:21 GMT',
94 silly registry.get     server: 'Apache',
94 silly registry.get     via: '1.1 varnish',
94 silly registry.get     'last-modified': 'Mon, 09 Mar 2015 05:30:28 GMT',
94 silly registry.get     'cache-control': 'max-age=60',
94 silly registry.get     etag: '"5YSHHA219N9U14BJMV8M43GL"',
94 silly registry.get     age: '53',
94 silly registry.get     'x-served-by': 'cache-nrt6132-NRT',
94 silly registry.get     'x-cache': 'HIT',
94 silly registry.get     'x-cache-hits': '2',
94 silly registry.get     'x-timer': 'S1425879081.722808,VS0,VE0',
94 silly registry.get     vary: 'Accept',
94 silly registry.get     'content-length': '0',
94 silly registry.get     'keep-alive': 'timeout=10, max=50',
94 silly registry.get     connection: 'Keep-Alive' } ]
95 verbose etag https://registry.npmjs.org/socket.io from cache
96 http 304 https://registry.npmjs.org/everyauth
97 silly registry.get cb [ 304,
97 silly registry.get   { date: 'Mon, 09 Mar 2015 05:31:21 GMT',
97 silly registry.get     server: 'Apache',
97 silly registry.get     via: '1.1 varnish',
97 silly registry.get     'last-modified': 'Mon, 09 Mar 2015 05:31:21 GMT',
97 silly registry.get     'cache-control': 'max-age=60',
97 silly registry.get     etag: '"703GRO2OJ1912ERCVR4R9INN7"',
97 silly registry.get     age: '11',
97 silly registry.get     'x-served-by': 'cache-nrt6126-NRT',
97 silly registry.get     'x-cache': 'HIT',
97 silly registry.get     'x-cache-hits': '1',
97 silly registry.get     'x-timer': 'S1425879081.722880,VS0,VE1',
97 silly registry.get     vary: 'Accept',
97 silly registry.get     'content-length': '0',
97 silly registry.get     'keep-alive': 'timeout=10, max=50',
97 silly registry.get     connection: 'Keep-Alive' } ]
98 verbose etag https://registry.npmjs.org/everyauth from cache
99 silly addNameRange number 2 { name: 'socket.io', range: '>=1.3.5-0 <1.4.0-0', hasData: true }
100 silly addNameRange versions [ 'socket.io',
100 silly addNameRange   [ '0.3.8',
100 silly addNameRange     '0.4.0',
100 silly addNameRange     '0.4.1',
100 silly addNameRange     '0.5.1',
100 silly addNameRange     '0.5.3',
100 silly addNameRange     '0.6.0',
100 silly addNameRange     '0.6.1',
100 silly addNameRange     '0.6.3',
100 silly addNameRange     '0.6.4',
100 silly addNameRange     '0.6.5',
100 silly addNameRange     '0.6.6',
100 silly addNameRange     '0.6.7',
100 silly addNameRange     '0.6.8',
100 silly addNameRange     '0.6.9',
100 silly addNameRange     '0.6.10',
100 silly addNameRange     '0.6.11',
100 silly addNameRange     '0.6.12',
100 silly addNameRange     '0.6.14',
100 silly addNameRange     '0.6.15',
100 silly addNameRange     '0.6.16',
100 silly addNameRange     '0.6.17',
100 silly addNameRange     '0.6.18',
100 silly addNameRange     '0.7.0',
100 silly addNameRange     '0.7.1',
100 silly addNameRange     '0.7.2',
100 silly addNameRange     '0.7.3',
100 silly addNameRange     '0.7.4',
100 silly addNameRange     '0.7.5',
100 silly addNameRange     '0.7.6',
100 silly addNameRange     '0.7.7',
100 silly addNameRange     '0.7.8',
100 silly addNameRange     '0.7.9',
100 silly addNameRange     '0.7.10',
100 silly addNameRange     '0.7.11',
100 silly addNameRange     '0.8.0',
100 silly addNameRange     '0.8.1',
100 silly addNameRange     '0.8.2',
100 silly addNameRange     '0.8.3',
100 silly addNameRange     '0.8.4',
100 silly addNameRange     '0.8.5',
100 silly addNameRange     '0.8.6',
100 silly addNameRange     '0.8.7',
100 silly addNameRange     '0.9.0',
100 silly addNameRange     '0.9.1',
100 silly addNameRange     '0.9.1-1',
100 silly addNameRange     '0.9.2',
100 silly addNameRange     '0.9.3',
100 silly addNameRange     '0.9.4',
100 silly addNameRange     '0.9.5',
100 silly addNameRange     '0.9.6',
100 silly addNameRange     '0.9.7',
100 silly addNameRange     '0.9.8',
100 silly addNameRange     '0.9.9',
100 silly addNameRange     '0.9.10',
100 silly addNameRange     '0.9.11',
100 silly addNameRange     '0.9.12',
100 silly addNameRange     '0.9.13',
100 silly addNameRange     '0.9.14',
100 silly addNameRange     '0.9.15',
100 silly addNameRange     '0.9.16',
100 silly addNameRange     '1.0.0-pre',
100 silly addNameRange     '1.0.0-pre2',
100 silly addNameRange     '1.0.0-pre3',
100 silly addNameRange     '1.0.0-pre4',
100 silly addNameRange     '1.0.0-pre5',
100 silly addNameRange     '0.9.17',
100 silly addNameRange     '1.0.0',
100 silly addNameRange     '1.0.1',
100 silly addNameRange     '1.0.2',
100 silly addNameRange     '1.0.3',
100 silly addNameRange     '1.0.4',
100 silly addNameRange     '1.0.5',
100 silly addNameRange     '1.0.6',
100 silly addNameRange     '1.1.0',
100 silly addNameRange     '1.2.0',
100 silly addNameRange     '1.2.1',
100 silly addNameRange     '1.3.0',
100 silly addNameRange     '1.3.1',
100 silly addNameRange     '1.3.2',
100 silly addNameRange     '1.3.3',
100 silly addNameRange     '1.3.4',
100 silly addNameRange     '1.3.5' ] ]
101 verbose addNamed [ 'socket.io', '1.3.5' ]
102 verbose addNamed [ '1.3.5', '1.3.5' ]
103 silly lockFile e27f34ff-socket-io-1-3-5 socket.io@1.3.5
104 verbose lock socket.io@1.3.5 /Users/sjc/.npm/e27f34ff-socket-io-1-3-5.lock
105 silly addNameRange number 2 { name: 'everyauth', range: '>=0.4.9-0 <0.5.0-0', hasData: true }
106 silly addNameRange versions [ 'everyauth',
106 silly addNameRange   [ '0.0.1',
106 silly addNameRange     '0.0.3',
106 silly addNameRange     '0.0.4',
106 silly addNameRange     '0.0.5',
106 silly addNameRange     '0.0.6',
106 silly addNameRange     '0.0.8',
106 silly addNameRange     '0.0.9',
106 silly addNameRange     '0.0.10',
106 silly addNameRange     '0.1.0',
106 silly addNameRange     '0.1.3',
106 silly addNameRange     '0.1.4',
106 silly addNameRange     '0.1.5',
106 silly addNameRange     '0.1.6',
106 silly addNameRange     '0.1.7',
106 silly addNameRange     '0.2.0',
106 silly addNameRange     '0.2.1',
106 silly addNameRange     '0.2.2',
106 silly addNameRange     '0.2.3',
106 silly addNameRange     '0.2.4',
106 silly addNameRange     '0.2.5',
106 silly addNameRange     '0.2.6',
106 silly addNameRange     '0.2.7',
106 silly addNameRange     '0.2.8',
106 silly addNameRange     '0.2.9',
106 silly addNameRange     '0.2.10',
106 silly addNameRange     '0.2.11',
106 silly addNameRange     '0.2.12',
106 silly addNameRange     '0.2.13',
106 silly addNameRange     '0.2.14',
106 silly addNameRange     '0.2.15',
106 silly addNameRange     '0.2.16',
106 silly addNameRange     '0.2.17',
106 silly addNameRange     '0.2.18',
106 silly addNameRange     '0.2.19',
106 silly addNameRange     '0.2.20',
106 silly addNameRange     '0.2.21',
106 silly addNameRange     '0.2.22',
106 silly addNameRange     '0.2.23',
106 silly addNameRange     '0.2.24',
106 silly addNameRange     '0.2.25',
106 silly addNameRange     '0.2.26',
106 silly addNameRange     '0.2.27',
106 silly addNameRange     '0.2.28',
106 silly addNameRange     '0.2.29',
106 silly addNameRange     '0.2.30',
106 silly addNameRange     '0.2.31',
106 silly addNameRange     '0.2.32',
106 silly addNameRange     '0.3.0',
106 silly addNameRange     '0.3.1',
106 silly addNameRange     '0.3.2',
106 silly addNameRange     '0.4.0',
106 silly addNameRange     '0.4.2',
106 silly addNameRange     '0.4.3',
106 silly addNameRange     '0.4.4',
106 silly addNameRange     '0.4.5',
106 silly addNameRange     '0.4.6',
106 silly addNameRange     '0.4.7',
106 silly addNameRange     '0.4.8',
106 silly addNameRange     '0.4.9' ] ]
107 verbose addNamed [ 'everyauth', '0.4.9' ]
108 verbose addNamed [ '0.4.9', '0.4.9' ]
109 silly lockFile 2c2e687d-everyauth-0-4-9 everyauth@0.4.9
110 verbose lock everyauth@0.4.9 /Users/sjc/.npm/2c2e687d-everyauth-0-4-9.lock
111 silly lockFile e27f34ff-socket-io-1-3-5 socket.io@1.3.5
112 silly lockFile e27f34ff-socket-io-1-3-5 socket.io@1.3.5
113 silly lockFile 539bff42-socket-io-1-3-5 socket.io@~1.3.5
114 silly lockFile 539bff42-socket-io-1-3-5 socket.io@~1.3.5
115 silly lockFile 2c2e687d-everyauth-0-4-9 everyauth@0.4.9
116 silly lockFile 2c2e687d-everyauth-0-4-9 everyauth@0.4.9
117 silly lockFile 575dd26f-everyauth-0-4-9 everyauth@~0.4.9
118 silly lockFile 575dd26f-everyauth-0-4-9 everyauth@~0.4.9
119 http 404 https://registry.npmjs.org/nonf
120 verbose headers { date: 'Mon, 09 Mar 2015 05:31:22 GMT',
120 verbose headers   server: 'CouchDB/1.6.1 (Erlang OTP/R14B04)',
120 verbose headers   'content-type': 'application/json',
120 verbose headers   'cache-control': 'max-age=0',
120 verbose headers   'content-length': '52',
120 verbose headers   'accept-ranges': 'bytes',
120 verbose headers   via: '1.1 varnish',
120 verbose headers   age: '0',
120 verbose headers   'x-served-by': 'cache-nrt6122-NRT',
120 verbose headers   'x-cache': 'MISS',
120 verbose headers   'x-cache-hits': '0',
120 verbose headers   'x-timer': 'S1425879081.651737,VS0,VE749',
120 verbose headers   'keep-alive': 'timeout=10, max=50',
120 verbose headers   connection: 'Keep-Alive' }
121 silly registry.get cb [ 404,
121 silly registry.get   { date: 'Mon, 09 Mar 2015 05:31:22 GMT',
121 silly registry.get     server: 'CouchDB/1.6.1 (Erlang OTP/R14B04)',
121 silly registry.get     'content-type': 'application/json',
121 silly registry.get     'cache-control': 'max-age=0',
121 silly registry.get     'content-length': '52',
121 silly registry.get     'accept-ranges': 'bytes',
121 silly registry.get     via: '1.1 varnish',
121 silly registry.get     age: '0',
121 silly registry.get     'x-served-by': 'cache-nrt6122-NRT',
121 silly registry.get     'x-cache': 'MISS',
121 silly registry.get     'x-cache-hits': '0',
121 silly registry.get     'x-timer': 'S1425879081.651737,VS0,VE749',
121 silly registry.get     'keep-alive': 'timeout=10, max=50',
121 silly registry.get     connection: 'Keep-Alive' } ]
122 silly lockFile 3294f251-nonf-0-7-1 nonf@~0.7.1
123 silly lockFile 3294f251-nonf-0-7-1 nonf@~0.7.1
124 error 404 404 Not Found: nonf
124 error 404
124 error 404 'nonf' is not in the npm registry.
124 error 404 You should bug the author to publish it
124 error 404 It was specified as a dependency of 'challenge2'
124 error 404
124 error 404 Note that you can also install from a
124 error 404 tarball, folder, or http url, or git url.
125 error System Darwin 14.1.0
126 error command "node" "/usr/local/bin/npm" "install"
127 error cwd /Users/sjc/git/chanllege/challenge2
128 error node -v v0.10.35
129 error npm -v 1.4.28
130 error code E404
131 verbose exit [ 1, true ]
